c:\cloud_work\aspose.html.sdk.cpp\debug\aspose.html.sdk.pdb
c:\cloud_work\aspose.html.sdk.cpp\debug\messageresponse.obj
c:\cloud_work\aspose.html.sdk.cpp\debug\fileversionsresponse.obj
c:\cloud_work\aspose.html.sdk.cpp\debug\fileversion.obj
c:\cloud_work\aspose.html.sdk.cpp\debug\fileexistresponse.obj
c:\cloud_work\aspose.html.sdk.cpp\debug\fileexist.obj
c:\cloud_work\aspose.html.sdk.cpp\debug\file.obj
c:\cloud_work\aspose.html.sdk.cpp\debug\discusageresponse.obj
c:\cloud_work\aspose.html.sdk.cpp\debug\discusage.obj
c:\cloud_work\aspose.html.sdk.cpp\debug\modelbase.obj
c:\cloud_work\aspose.html.sdk.cpp\debug\jsonbody.obj
c:\cloud_work\aspose.html.sdk.cpp\debug\httpcontent.obj
c:\cloud_work\aspose.html.sdk.cpp\debug\translationapi.obj
c:\cloud_work\aspose.html.sdk.cpp\debug\summarizationapi.obj
c:\cloud_work\aspose.html.sdk.cpp\debug\storageapi.obj
c:\cloud_work\aspose.html.sdk.cpp\debug\ocrapi.obj
c:\cloud_work\aspose.html.sdk.cpp\debug\documentapi.obj
c:\cloud_work\aspose.html.sdk.cpp\debug\conversionapi.obj
c:\cloud_work\aspose.html.sdk.cpp\debug\apiexception.obj
c:\cloud_work\aspose.html.sdk.cpp\debug\apiconfiguration.obj
c:\cloud_work\aspose.html.sdk.cpp\debug\apiclient.obj
c:\cloud_work\aspose.html.sdk.cpp\debug\octetstreambody.obj
c:\cloud_work\aspose.html.sdk.cpp\debug\object.obj
c:\cloud_work\aspose.html.sdk.cpp\debug\oauth2token.obj
c:\cloud_work\aspose.html.sdk.cpp\debug\multipartformdata.obj
c:\cloud_work\aspose.html.sdk.cpp\debug\storageexistresponse.obj
c:\cloud_work\aspose.html.sdk.cpp\debug\removefolderresponse.obj
c:\cloud_work\aspose.html.sdk.cpp\debug\removefileresponse.obj
c:\cloud_work\aspose.html.sdk.cpp\debug\movefolderresponse.obj
c:\cloud_work\aspose.html.sdk.cpp\debug\movefileresponse.obj
c:\cloud_work\aspose.html.sdk.cpp\debug\aspose.html.sdk.lib
c:\cloud_work\aspose.html.sdk.cpp\debug\test.ilk
c:\cloud_work\aspose.html.sdk.cpp\debug\gtest.pdb
c:\cloud_work\aspose.html.sdk.cpp\debug\gtest_main.pdb
c:\cloud_work\aspose.html.sdk.cpp\debug\test.pdb
c:\cloud_work\aspose.html.sdk.cpp\debug\aspose.html.sdk.tlog\cl.command.1.tlog
c:\cloud_work\aspose.html.sdk.cpp\debug\aspose.html.sdk.tlog\cl.read.1.tlog
c:\cloud_work\aspose.html.sdk.cpp\debug\aspose.html.sdk.tlog\cl.write.1.tlog
c:\cloud_work\aspose.html.sdk.cpp\debug\aspose.html.sdk.tlog\lib-link.read.1.tlog
c:\cloud_work\aspose.html.sdk.cpp\debug\aspose.html.sdk.tlog\lib-link.write.1.tlog
c:\cloud_work\aspose.html.sdk.cpp\debug\aspose.html.sdk.tlog\lib.command.1.tlog
