  ApiClient.cpp
  ApiConfiguration.cpp
  ApiException.cpp
  ConversionApi.cpp
  DocumentApi.cpp
  OcrApi.cpp
  StorageApi.cpp
  SummarizationApi.cpp
  TranslationApi.cpp
  HttpContent.cpp
  JsonBody.cpp
  ModelBase.cpp
c:\cloud_work\aspose.html.sdk.cpp\modelbase.cpp(186): warning C4244: инициализация: преобразование "std::streamoff" в "size_t", возможна потеря данных
  DiscUsage.cpp
  DiscUsageResponse.cpp
  File.cpp
  FileExist.cpp
  FileExistResponse.cpp
  FileVersion.cpp
  FileVersionsResponse.cpp
  MessageResponse.cpp
  Создание кода...
  Компиляция...
  MoveFileResponse.cpp
  MoveFolderResponse.cpp
  RemoveFileResponse.cpp
  RemoveFolderResponse.cpp
  StorageExistResponse.cpp
  MultipartFormData.cpp
c:\cloud_work\aspose.html.sdk.cpp\multipartformdata.cpp(113): warning C4244: аргумент: преобразование "std::streamoff" в "const unsigned int", возможна потеря данных
  OAuth2Token.cpp
  Object.cpp
  OctetStreamBody.cpp
c:\cloud_work\aspose.html.sdk.cpp\octetstreambody.cpp(74): warning C4244: аргумент: преобразование "std::streamoff" в "const unsigned int", возможна потеря данных
  Создание кода...
  aspose.html.sdk.vcxproj -> C:\CLOUD_WORK\Aspose.Html.SDK.CPP\Debug\aspose.html.sdk.lib
