c:\cloud_work\aspose.html.sdk.cpp\x64\debug\vc141.pdb
c:\cloud_work\aspose.html.sdk.cpp\x64\debug\vc141.idb
c:\cloud_work\aspose.html.sdk.cpp\x64\debug\ocrapitest.obj
c:\cloud_work\aspose.html.sdk.cpp\x64\debug\object.obj
c:\cloud_work\aspose.html.sdk.cpp\x64\debug\multipartformdata.obj
c:\cloud_work\aspose.html.sdk.cpp\x64\debug\modelbase.obj
c:\cloud_work\aspose.html.sdk.cpp\x64\debug\jsonbody.obj
c:\cloud_work\aspose.html.sdk.cpp\x64\debug\httpcontent.obj
c:\cloud_work\aspose.html.sdk.cpp\x64\debug\gtest_main.obj
c:\cloud_work\aspose.html.sdk.cpp\x64\debug\gtest-all.obj
c:\cloud_work\aspose.html.sdk.cpp\x64\debug\translationapi.obj
c:\cloud_work\aspose.html.sdk.cpp\x64\debug\summarizationapi.obj
c:\cloud_work\aspose.html.sdk.cpp\x64\debug\ocrapi.obj
c:\cloud_work\aspose.html.sdk.cpp\x64\debug\documentapi.obj
c:\cloud_work\aspose.html.sdk.cpp\x64\debug\conversionapi.obj
c:\cloud_work\aspose.html.sdk.cpp\x64\debug\apiexception.obj
c:\cloud_work\aspose.html.sdk.cpp\x64\debug\apiconfiguration.obj
c:\cloud_work\aspose.html.sdk.cpp\x64\debug\apiclient.obj
c:\cloud_work\aspose.html.sdk.cpp\x64\debug\aspose.html.sdk.exe
c:\cloud_work\aspose.html.sdk.cpp\x64\debug\aspose.html.sdk.pdb
c:\cloud_work\aspose.html.sdk.cpp\x64\debug\aspose.html.sdk.tlog\cl.command.1.tlog
c:\cloud_work\aspose.html.sdk.cpp\x64\debug\aspose.html.sdk.tlog\cl.read.1.tlog
c:\cloud_work\aspose.html.sdk.cpp\x64\debug\aspose.html.sdk.tlog\cl.write.1.tlog
c:\cloud_work\aspose.html.sdk.cpp\x64\debug\aspose.html.sdk.tlog\link.command.1.tlog
c:\cloud_work\aspose.html.sdk.cpp\x64\debug\aspose.html.sdk.tlog\link.read.1.tlog
c:\cloud_work\aspose.html.sdk.cpp\x64\debug\aspose.html.sdk.tlog\link.write.1.tlog
